com.UCMobile%&%/ucdownloads
com.android.settings%&%/download
com.android.settings%&%/bluetooth
com.android.settings%&%/tmp
com.android.settings%&%/android/data
com.android.settings%&%/temp
com.youku.phone%&%/youku/app
com.cleanmaster.mguard_cn%&%/cleanmaster_cn/backup
com.lenovo.anyshare.gps%&%/QieZi/apps
com.UCMobile.intl%&%/ucdownloads/appupgrade
com.dianxinos.dxbs%&%/dianxinos/market/wifipredownloads
com.snda.wifilocating%&%/WifiMasterKey/apk2
com.snda.wifilocating%&%/wifimasterkey/downloads
com.qihoo.security%&%/360/security/apkbackup
com.dianxinos.optimizer.duplay%&%/dianxinos/market/downloads
com.ijinshan.browser_fast%&%/kbrowser_fast/download/app
com.ijinshan.browser_fast%&%/cm browser/download/app
com.baidu.appsearch%&%/baidushare/app
net.daum.android.daum%&%/daumappcenter
com.metago.astro%&%/backups/apps
com.qiyi.video%&%/qiyivideo_local/apps
cn.andouya%&%/flashtransfer/app
com.for2w.appshare%&%/share_apps
com.dragon.android.mobomarket%&%/91 wireless/pandaspace/apps
com.shere.easytouch.holo%&%/easytouch/downloads
com.hiapk.marketpho%&%/hiapk_market/app/transfer
com.dragon.android.pandaspace%&%/pandaspace/apps
com.dragon.android.pandaspace%&%/baidu/appsearch/downloads
com.dewmobile.kuaiya%&%/zapya/app
com.qihoo.browser%&%/browser/安装包
cn.goapk.market%&%/anzhi/receive/apk
cn.goapk.market%&%/anzhi_backup/receive/apk
com.chaozh.iReaderFree%&%/ireader/appdownload
com.lenovo.anyshare%&%/android/data/com.lenovo.anyshare/files/qiezi/apps
com.taobao.appcenter%&%/appcenter/apk
com.taobao.appcenter%&%/appcenter/apps
com.nd.android.pandahome2%&%/91market/apps
com.nd.android.pandahome2%&%/91 wireless/pandaspace/apps
cn.andouya%&%/flashtransfer/应用
cn.andouya%&%/flashshare/app
com.infinit.wostore.ui%&%/flashtransfer/应用
com.baidu.searchbox_bbk%&%/baidu/appsearch/downloads
com.mobogenie.assistant%&%/mobogenie/app
com.lenovo.leos.appstore%&%/QieZi/apps
com.baidu.searchbox_lenovo%&%/baidu/appsearch/downloads
com.baidu.searchbox_huawei%&%/baidu/appsearch/downloads
com.cx.huanji%&%/huanji/app
com.dianxinos.dxbs%&%/dianxinos/market/downloads
com.qiyi.video.pad%&%/qiyivideo_local/apps
com.baidu.searchbox_ktouch%&%/baidu/appsearch/downloads
top.com.mobogenie.free%&%/mobogenie/app
com.baidu.searchbox_htc%&%/baidu/appsearch/downloads
com.dewmobile.zapya%&%/zapya/app
com.youxihui.market%&%/yingyonghui/fastpass/apps
cn.xender%&%/Xender/app
cn.emagsoftware.flyteeth%&%/flyteeth/应用
com.lenovo.anyshare.gps%&%/SHAREit/apps
com.dewmobile.kuaiya.play%&%/zapya/app
com.cleanmaster.snapshare%&%/cmshare/app
com.cmcm.transfer%&%/CM Transfer Received Files/App
com.johnemulators.johngbalite%&%/xiaoji/download
cn.xender%&%/闪传收件箱/应用
com.qihoo360.launcher%&%/360launcher/download
com.anzhuoanzhi%&%/anzhi/receive/apk
com.transfer.flash%&%/flashtransfer/应用
com.flash.transfer%&%/flashtransfer/应用
com.cleanmaster.security_cn%&%/shoujikong/downloadapk
com.taobao.appcenter%&%/appcenter/download/apk
com.tencent.hd.qq%&%/tencent/QQHD/Plugin/Market/apk
com.ijinshan.ShouJiKong.AndroidDaemon%&%/ShoujiKong/Downloadapk
com.wandoujia.phoenix2%&%/wandoujia/app
com.infinit.wostore.ui%&%/wostore
com.tencent.android.qqdownloader%&%/tencent/tassistant/apk
com.oppo.market%&%/NearMeMarket/application
com.sogou.appmall%&%/sogouappmall/downloads
com.pp.assistant%&%/pp/download/app
com.mobogenie%&%/mobogenie/app
me.onemobile.android.tablet%&%/onemobile_download
me.onemobile.lite.android%&%/onemobile_download
me.onemobile.android%&%/onemobile_download
com.duoku.gamesearch%&%/duoku/GameSearch/downloads
com.cyou.fz.shouyouhelper%&%/wybb/downloads
com.oc.Agmobi%&%/3CHYDownload/Software
org.blackmart.market%&%/blackmart/downloads
com.hiapk.marketpho%&%/hiapk_market/app/download
com.uc.appstore%&%/ucappstore/apk
com.netease.navigation%&%/appdownload/apk
com.netease.apper%&%/appdownload/apk
com.mumayi.market3g.ui%&%/mumayi/download
com.mumayi.market.ui%&%/mumayi/download
com.gionee.aora.market%&%/aoramarket/downloadApk
com.mappn.gfan%&%/gfan/market
com.taclast.pad.gfan%&%/gfan/market
com.nvidia.gfan%&%/gfan/market
com.dongji.market%&%/.dongji/dongjiMarket/cache/apk
com.yingyonghui.market%&%/Yingyonghui/apk
com.easou.plus%&%/easou_plus/apk
com.ijinshan.browser%&%/kbrowser/download/App
com.tencent.mtt%&%/QQBrowser/安装包
com.tencent.android.qqdownloader_buildin%&%/qqplazasimple/Apk
cm.aptoide.pt%&%/.aptoide/apks
com.kaiqi%&%/kaiqi/Application
com.sohu.store%&%/sohu.wrestore/download
cn.goapk.market%&%/anzhi/download
com.digua%&%/digua/downs
com.diguayouxi%&%/digua/downs
com.huawei.gamebox%&%/gamebox/application
com.release_ua.appstore%&%/skymarket/com.release_ua.appstore/download
com.uucun50001208.android.cms%&%/uucun/download
com.dragon.android.mobomarket%&%/mobomarket/apps
com.dragon.android.market%&%/91market/apps
com.dragon.android.pandaspace%&%/91 WireLess/PandaSpace/apps
com.diguayouxi1rym0nmg%&%/digua/downs
com.diguayouxien85%&%/digua/downs
com.easou.plusqq%&%/easou_plus/apk
com.easou.plus.samsung%&%/easou_plus/apk
com.easou.pluss%&%/easou_plus/apk
com.tencent.mttnc1o%&%/QQBrowser/安装包
com.tencent.international.mtt%&%/QQBrowser/安装包
com.tencent.qbx%&%/QQBrowser/安装包
com.tencent.qbx5%&%/QQBrowser/安装包
com.tencent.mtt.x86%&%/QQBrowser/安装包
com.tencent.mtt.cmcc%&%/QQBrowser/安装包
com.tencent.mttaa%&%/QQBrowser/安装包
com.tencent.nmrq%&%/QQBrowser/安装包
com.tencent.mttwo%&%/QQBrowser/安装包
com.tencent.mtt520%&%/QQBrowser/安装包
com.mobogenie.markets%&%/mobogenie/app
com.mobogenie.daemon%&%/mobogenie/app
com.hiapk.markettv%&%/hiapk_market/app/download
com.hiapk.market%&%/hiapk_market/app/download
com.hiapk.marketpad%&%/hiapk_market/app/download
cn.goapk.market%&%/gomarket/download
com.goapk.market%&%/com.goapk.market
com.egame%&%/egame/downloader
com.baidu.hao123%&%/hao123/down/apk
com.mgyapp.android%&%/mgyapp/apk
com.lenovo.leos.appstore%&%/.LeStore/download
cn.com.vapk.vstore.client%&%/Android/data/cn.com.vapk.vstore.client/files/apk
com.et.easy.download%&%/EasyDownloader/APKs
com.et.easy.download.pro%&%/EasyDownloaderPro/APKs
com.sina.weibo%&%/sina/weibo/SinaAppMarket/APK
com.sds.android.ttpod%&%/ttpod/app
com.qihoo.video%&%/360Video/download
com.qvod.player%&%/qvod/ad_apps
sina.mobile.tianqitong%&%/tianqitong/Downloads
com.netease.pris%&%/pris/download
com.netease.prisn%&%/pris/download
com.zhadui.stream%&%/estream/app
com.tigerknows%&%/tigermap/download
com.uucun113393.android.cms%&%/uucun/download
com.appbyme.app47745%&%/mobcent/com.appbyme.app47745/cache/ad
com.qiyi.video.pad%&%/downloadapp
com.zx%&%/ugame/ugameSDK/download
com.zx%&%/jz/jzSDK/downloads
com.ux%&%/jz/jzSDK/downloads
com.yx%&%/jz/jzSDK/downloads
com.qiyi.video%&%/.iqiyigame/game
com.qiyi.video%&%/downloadapp
com.eg.android.AlipayGphone%&%/com.eg.android.AlipayGphone/downloads
com.kugou.android%&%/aliUnion_apk
com.qzone%&%/.qzonedownload
com.snda.wifilocating%&%/WifiMasterKey/apk
com.kandian.hdtogoapp%&%/kuaishou/kuaishou/gameapp
tv.pps.pad%&%/.pps/apk_cache
tv.pps.pad%&%/.pps/game
com.taobao.appcenter%&%/appcenter/app
com.tencent.news%&%/tencent/tencentnews/market
com.qiyi.video.hburl%&%/.iqiyigame/game
com.qiyi.video.market%&%/.iqiyigame/game
com.qihoo360.lqyga%&%/360launcher/upgrade
com.qihoo360.launcherr%&%/360launcher/upgrade
net.qihoo.launcher.widget.clockweather%&%/360launcher/upgrade
com.qihoo360.laukcher%&%/360launcher/upgrade
net.qihoo.launcher%&%/360launcher/upgrade
com.qihoo360.launcheruy%&%/360launcher/upgrade
com.qihoo360.launcherlq%&%/360launcher/upgrade
kvpioneer.cmcc%&%/KVDownload
com.sogou.androidtool%&%/SogouDownload
com.corp21cn.flowpay%&%/com.corp21cn.flowpay/download
com.cloud.android.miniweatherex%&%/MiniWeather/App
com.youdao.note%&%/.YoudaoNote/App
com.dianxinos.dxhome%&%/dxcontent/apks
com.money.news%&%/ifengnews/down
com.mydrivers.newsclient%&%/Android/data/com.mydrivers.newsclient/cache/apks
cn.funnyxb.powerremember%&%/360union/360UnionDownload
com.cyou.fz.shouyouhelpero%&%/wybb/downloads
com.ifafa.globalradio%&%/com.ifafa.globalradio/DownloadApk
com.secretlisa.xueba%&%/Xueba/download
com.renren.mobile.android%&%/Android/data/com.renren.mobile.android/cache/downloads
com.qihoo360.launcher%&%/360launcher/upgrade
com.tencent.mobileqq%&%/Tencent/TMAssistantSDK/Download
bubei.tingshu%&%/tingshu/null
cn.opda.a.phonoalbumshoushou%&%/AndroidOptimizer/apkdownloader
com.qvod.player%&%/qvod/apk
com.qvod.player.beautylivebroadcast%&%/qvod/apk
com.qvod.player62323%&%/qvod/apk
com.qvod.playezxh%&%/qvod/apk
com.qvod.player_3230%&%/qvod/apk
com.qvod.playeri%&%/qvod/apk
com.xtuone.android.syllabus%&%/xtuone/friday/download
com.sing.radio%&%/5sing/radio/apk
com.chuanshuo.qq2%&%/qqtheme/apk
com.changba%&%.ktv/apk
com.changbabaab%&%.ktv/apk
tv.pps.mobile%&%/.pps/PPStv_update
com.tencent.qqlive%&%/Android/data/com.tencent.qqlive/cache/update/update
com.taobao.taobao%&%/taobao/update
com.ijinshan.browser%&%/kbrowser/kbrowser_apk
com.eg.android.AlipayGphone%&%/com.eg.android.AlipayGphone/update
cn.jingling.motu.photowonder%&%/photowonder/temp
com.jingfm%&%/Jing/WebCache/update
com.taobao.appcenter%&%/taobao/update_cache
com.kaixin001.activity%&%/kaixin001/Update
com.taobao.appcenter%&%/taoapp/com.taobao.appcenter/update_cache
com.taobao.taobao%&%/taobao/com.taobao.taobao/update_cache
com.taobao.taobao%&%/TaoUpdate
com.taobao.apad%&%/TaoUpdate
com.ximalaya.ting.android%&%/ting/update
com.changba%&%/.ktv/apk
com.muzhiwan.market%&%/android/data/com.muzhiwan.market/updates
com.baidu.netdisk%&%/android/data/com.baidu.netdisk/cache/.apk
tv.pps.pad%&%/.pps/PPStv_pad_update
cz.aponia.bor3%&%/Be-on-road/updates
com.dianxinos.dxbs.paid%&%/app-update
cn.opda.a.phonoalbumshoushou%&%/AndroidOptimizer/update_backup
com.tencent.qqmusic%&%/qqmusic/upgrade
com.taobao.taobao%&%/taobao/update_cache
com.android.aimoxiu%&%/moxiu/update
com.moxiu.launcher%&%/moxiu/update
com.moxiu.wallpaper%&%/moxiu/update
com.dianxinos.dxbs%&%/app-update
com.baidu.supercamera%&%/photowonder/temp
com.changbabaab%&%/.ktv/apk
com.kaixin001.android%&%/kaixin001/Update
com.kaixin001.spen.activity%&%/kaixin001/Update
com.ximalaya.ting.android_321%&%/ting/update
com.ximalaya.ting.android3223qwd%&%/ting/update
tv.pps.mobileliutx%&%/.pps/PPStv_update
tv.pps.pad%&%/.pps/PPStv_update
tv.pps%&%/.pps/PPStv_update
tv.pps.tpad%&%/.pps/PPStv_update
tv.pps.mobileab%&%/.pps/PPStv_update
tv.pps.mabila%&%/.pps/PPStv_update
tv.pps.mobila%&%/.pps/PPStv_update
mtv.pps.mobile%&%/.pps/PPStv_update
tv.pps.mobilaa%&%/.pps/PPStv_update
com.tencent.mobileqq%&%/tencent/qqifile_recv
com.tencent.android.qqdownloader%&%/baodownload
com.qihoo.appstore%&%/360download
com.cleanmaster.mguard_cn%&%/android/data/com.cleanmaster.mguard_cn/files/download
com.tencent.mobileqq%&%/tencent/tmassistantsdk/download/com.tencent.mobileqq
com.ijinshan.browser_fast%&%/kbrowser_fast/kbrowser_apk
com.tencent.news%&%/android/data/com.tencent.news/files/market
com.baidu.searchbox%&%/baidu/appsearch/downloads
com.xiaomi.market%&%/mimarket/files
com.qihoo360.mobilesafe%&%/360download
com.ss.android.article.news%&%/android/data/com.ss.android.article.news/files
com.baidu.searchbox_samsung%&%/baidu/appsearch/downloads
com.dragon.android.mobomarket%&%/91 wireless/mobomarket/apps
com.huawei.appmarket%&%/android/data/com.huawei.appmarket/appcache
com.baidu.browser.apps%&%/baidu/appsearch/downloads
com.mycheering.apps%&%/mycheering/apk
com.miui.video%&%/android/data/com.miui.video/apkfile
com.farsitel.bazaar%&%/android/data/com.farsitel.bazaar/files
com.oppo.market%&%/kekemarket/application
com.hola.launcher%&%/holalauncher/app
com.tencent.clover%&%/tencent/tmassistantsdk
com.dianxinos.optimizer.channel%&%/androidtapas/apkdownloader
com.kingroot.kinguser%&%/kinguserdown
com.pp.assistant%&%/pp/downloader/silent/apk
com.coohuaclient%&%/coohua
com.yschi.MyAppSharer%&%/myappsharer
com.tencent.android.qqplazasamsung%&%/qqplazasamsung/apk
com.bbk.appstore%&%/vivodownload
com.coohuaclient%&%/coohua/coohuaclient.apk
com.gau.go.launcherex%&%/golauncherex/gorecommendwidget
com.qihoo.browser%&%/360download
com.ibox.flashlight%&%/ibox/download
com.muzhiwan.market%&%/mzwdownloads/datas
com.sonyericsson.playnowchina.android%&%/.playnow
cn.andouya%&%/xender/app
com.lenovo.leos.appstore%&%/.lestore/hf
com.main.apps%&%/mainapps/apk
com.chaozh.iReaderFree%&%/ireader/idown
com.sohu.sohuvideo%&%/sohu/sohuvideo/update
com.fw.appshare%&%/share_apps
com.baidu.video%&%/baidu/video/update
com.pp.assistant%&%/pp/downloader/apk
com.coohuaclient%&%/coohua/download
com.zdworks.android.toolbox%&%/.zdbox/apkfile
com.huaqian%&%/huaqian/download
com.baidu.appsearch%&%/baidu/appsearch/downloads
com.lenovo.anyshare%&%/susdownload
com.m4399.gamecenter%&%/4399game/market
com.qzone%&%/tencent/tmassistantsdk/download/com.qzone
com.sogou.androidtool%&%/sogoudownload/app
com.superheroin.market%&%/mymarket/apks
com.baidu.video%&%/android/data/com.baidu.video/apkfile
com.dragon.android.mobomarketprbt%&%/mobomarketprbt
com.iflytek.inputmethod.oem%&%/iflyime/plugin/install
cn.com.opda.android.clearmaster%&%/clearmaster_zds/apk
com.lenovo.anyshare%&%/qiezi/apps
com.ibox.calculators%&%/ibox/download
com.funshion.video.mobile%&%/funshion/game/apk
cn.ninegame.gamemanager%&%/android/data/cn.ninegame.gamemanager/files/download/apks
com.lenovo.leos.cloud.sync%&%/susdownload
com.gameloft.android.gdc%&%/android/data/com.gameloft.android.gdc/files/download
com.infinit.wostore.ui%&%/wostore/download/apk
com.tencent.WBlog%&%/tencent/weibo/update
com.android.bankabc%&%/bankabc/apk
ir.mservices.market%&%/myket
com.qzone%&%/tencent/.qqdownload/newapkdir
cn.emagsoftware.gamehall%&%/gamehall/versionbackground
com.farsitel.bazaar%&%/icm/bazaar
com.tencent.mobileqq%&%/.qqdownload
com.sohu.inputmethod.sogou%&%/sogou/nnf
com.ijinshan.duba%&%/dubadownload/downloadapk
com.diguayouxi%&%/digua/ziptemp
com.gau.go.launcherex.gowidget.weatherwidget%&%/goweatherex/download
com.nd.android.pandahome2%&%/pandahome2/wifidownload
cn.goapk.market%&%/anzhi_backup/download
com.youdao.dict%&%/youdao/dict/downloadtemp
com.baidu.searchbox_oppo%&%/baidu/appsearch/downloads
com.sohu.inputmethod.sogou%&%/sogou/source
com.qugouinc.webapp%&%/qugou/download
com.lenovo.leos.cloud.sync%&%/lesyncdownload/data/com.lenovo.leos.cloud.sync/apps/susdownload
com.estrongs.android.pop%&%/.estrongs/theme/com.estrongs.android.pop.classic
com.sohu.inputmethod.sogou%&%/sogoudownload/app
com.muzhiwan.market%&%/mzwdownloads
com.yingyonghui.market%&%/yingyonghui/yyhdownload
com.tencent.qqlive%&%/tencent/tencentvideo/apk
com.storm.market%&%/market/files/download
com.ludashi.benchmark%&%/ludashi
com.omnivideo.video%&%/omnivideo/.update
com.slideme.sam.manager%&%/android/data/com.slideme.sam.manager/files
com.jiubang.goscreenlock%&%/golauncherex/gorecommendwidget
com.snappea%&%/snappea
com.bst.sync%&%/backup/app
com.muzhiwan.market%&%/muzhiwan/com.muzhiwan.market/gpk
com.baidu.easyroot%&%/baidu/root
com.amazon.venezia%&%/android/data/com.amazon.venezia/files/apks
com.idea.backup.smscontacts%&%/smscontactsbackup/apks
com.tencent.qqgame%&%/.qqgame/apk
com.huawei.appmarket%&%/hispace/application
com.youku.phone%&%/domobappdownload
